<?xml version="1.0" encoding="UTF-8"?>
<!-- Generated by org.testng.reporters.JUnitXMLReporter -->
<testsuite ignored="2" hostname="BUDDI_DESKTOP" failures="0" tests="1" name="Default test" time="36.429" errors="0" timestamp="2026-02-01T20:23:26 IST">
  <testcase classname="com.optim.Rough.MyTest" name="testCase1" time="20.558"/>
  <testcase classname="com.optim.Rough.MyTest" name="testCase2" time="0.0">
    <ignored/>
  </testcase> <!-- testCase2 -->
  <testcase classname="com.optim.Rough.MyTest" name="jat" time="0.0">
    <ignored/>
  </testcase> <!-- jat -->
</testsuite> <!-- Default test -->
