<?xml version="1.0" encoding="UTF-8"?>
<testng-results ignored="0" total="2" passed="2" failed="0" skipped="0">
  <reporter-output>
  </reporter-output>
  <suite started-at="2026-02-02T03:04:34 IST" name="Suite" finished-at="2026-02-02T03:05:42 IST" duration-ms="68362">
    <groups>
    </groups>
    <test started-at="2026-02-02T03:04:34 IST" name="Test" finished-at="2026-02-02T03:05:42 IST" duration-ms="68362">
      <class name="com.optim.Rough.MyTest">
        <test-method is-config="true" signature="setUP(java.lang.String)[pri:0, instance:com.optim.Rough.MyTest@cda6019]" started-at="2026-02-02T03:04:34 IST" name="setUP" finished-at="2026-02-02T03:04:58 IST" duration-ms="24235" status="PASS">
          <params>
            <param index="0">
              <value>
                <![CDATA[firefox]]>
              </value>
            </param>
          </params>
          <reporter-output>
          </reporter-output>
        </test-method> <!-- setUP -->
        <test-method signature="testCase1()[pri:0, instance:com.optim.Rough.MyTest@cda6019]" started-at="2026-02-02T03:05:00 IST" name="testCase1" finished-at="2026-02-02T03:05:07 IST" duration-ms="6985" status="PASS">
          <reporter-output>
          </reporter-output>
        </test-method> <!-- testCase1 -->
        <test-method is-config="true" signature="tearDown()[pri:0, instance:com.optim.Rough.MyTest@cda6019]" started-at="2026-02-02T03:05:07 IST" name="tearDown" finished-at="2026-02-02T03:05:11 IST" duration-ms="4095" status="PASS">
          <reporter-output>
          </reporter-output>
        </test-method> <!-- tearDown -->
        <test-method is-config="true" signature="setUP(java.lang.String)[pri:0, instance:com.optim.Rough.MyTest@cda6019]" started-at="2026-02-02T03:05:11 IST" name="setUP" finished-at="2026-02-02T03:05:29 IST" duration-ms="18436" status="PASS">
          <params>
            <param index="0">
              <value>
                <![CDATA[firefox]]>
              </value>
            </param>
          </params>
          <reporter-output>
          </reporter-output>
        </test-method> <!-- setUP -->
        <test-method signature="testCase2()[pri:0, instance:com.optim.Rough.MyTest@cda6019]" started-at="2026-02-02T03:05:29 IST" name="testCase2" finished-at="2026-02-02T03:05:37 IST" duration-ms="7846" status="PASS">
          <reporter-output>
          </reporter-output>
        </test-method> <!-- testCase2 -->
        <test-method is-config="true" signature="tearDown()[pri:0, instance:com.optim.Rough.MyTest@cda6019]" started-at="2026-02-02T03:05:37 IST" name="tearDown" finished-at="2026-02-02T03:05:42 IST" duration-ms="4693" status="PASS">
          <reporter-output>
          </reporter-output>
        </test-method> <!-- tearDown -->
      </class> <!-- com.optim.Rough.MyTest -->
    </test> <!-- Test -->
  </suite> <!-- Suite -->
</testng-results>
