<?xml version="1.0" encoding="UTF-8"?>
<testng-results ignored="0" total="2" passed="2" failed="0" skipped="0">
  <reporter-output>
  </reporter-output>
  <suite started-at="2026-02-07T21:06:32 IST" name="Suite" finished-at="2026-02-07T21:07:54 IST" duration-ms="82059">
    <groups>
    </groups>
    <test started-at="2026-02-07T21:06:32 IST" name="Test" finished-at="2026-02-07T21:07:54 IST" duration-ms="82059">
      <class name="com.optim.Rough.MyTest">
        <test-method is-config="true" signature="setUP(java.lang.String)[pri:0, instance:com.optim.Rough.MyTest@4601203a]" started-at="2026-02-07T21:06:33 IST" name="setUP" finished-at="2026-02-07T21:06:59 IST" duration-ms="26823" status="PASS">
          <params>
            <param index="0">
              <value>
                <![CDATA[firefox]]>
              </value>
            </param>
          </params>
          <reporter-output>
          </reporter-output>
        </test-method> <!-- setUP -->
        <test-method signature="testCase1()[pri:0, instance:com.optim.Rough.MyTest@4601203a]" started-at="2026-02-07T21:07:01 IST" name="testCase1" finished-at="2026-02-07T21:07:17 IST" duration-ms="16344" status="PASS">
          <reporter-output>
          </reporter-output>
        </test-method> <!-- testCase1 -->
        <test-method is-config="true" signature="tearDown()[pri:0, instance:com.optim.Rough.MyTest@4601203a]" started-at="2026-02-07T21:07:18 IST" name="tearDown" finished-at="2026-02-07T21:07:22 IST" duration-ms="4553" status="PASS">
          <reporter-output>
          </reporter-output>
        </test-method> <!-- tearDown -->
        <test-method is-config="true" signature="setUP(java.lang.String)[pri:0, instance:com.optim.Rough.MyTest@4601203a]" started-at="2026-02-07T21:07:22 IST" name="setUP" finished-at="2026-02-07T21:07:38 IST" duration-ms="15590" status="PASS">
          <params>
            <param index="0">
              <value>
                <![CDATA[firefox]]>
              </value>
            </param>
          </params>
          <reporter-output>
          </reporter-output>
        </test-method> <!-- setUP -->
        <test-method signature="testCase2()[pri:0, instance:com.optim.Rough.MyTest@4601203a]" started-at="2026-02-07T21:07:38 IST" name="testCase2" finished-at="2026-02-07T21:07:50 IST" duration-ms="12279" status="PASS">
          <reporter-output>
          </reporter-output>
        </test-method> <!-- testCase2 -->
        <test-method is-config="true" signature="tearDown()[pri:0, instance:com.optim.Rough.MyTest@4601203a]" started-at="2026-02-07T21:07:50 IST" name="tearDown" finished-at="2026-02-07T21:07:54 IST" duration-ms="4109" status="PASS">
          <reporter-output>
          </reporter-output>
        </test-method> <!-- tearDown -->
      </class> <!-- com.optim.Rough.MyTest -->
    </test> <!-- Test -->
  </suite> <!-- Suite -->
</testng-results>
